<?xml version="1.0" encoding="UTF-8"?>
<!-- Generated by org.testng.reporters.JUnitReportReporter -->
<testsuite hostname="Nikitas-MacBook-Air.local" failures="0" tests="1" name="testScripts.EntryTest" time="0.018" errors="0" timestamp="2021-04-26T19:41:44 IST" skipped="0">
  <testcase classname="testScripts.EntryTest" name="sample" time="0.018"/>
  <system-out/>
</testsuite> <!-- testScripts.EntryTest -->
